Arguments: 
  C:\Program Files\nodejs\node.exe C:\Users\User\AppData\Roaming\npm\node_modules\yarn\bin\yarn.js add react-bootstrap bootstrap

PATH: 
  C:\WINDOWS\system32;C:\WINDOWS;C:\WINDOWS\System32\Wbem;C:\WINDOWS\System32\WindowsPowerShell\v1.0\;C:\WINDOWS\System32\OpenSSH\;C:\Program Files\nodejs\;C:\Program Files\Git\cmd;C:\Users\User\AppData\Local\Microsoft\WindowsApps;C:\Users\User\AppData\Local\Programs\Microsoft VS Code\bin;C:\Users\User\AppData\Roaming\npm

Yarn version: 
  1.22.19

Node version: 
  18.12.1

Platform: 
  win32 x64

Trace: 
  Error: EPERM: operation not permitted, copyfile 'C:\Users\User\AppData\Local\Yarn\Cache\v6\npm-react-lifecycles-compat-3.0.4-4f1a273afdfc8f3488a8c516bfda78f872352362-integrity\node_modules\react-lifecycles-compat\package.json' -> 'C:\Users\User\Desktop\av2-nuvem\node_modules\react-lifecycles-compat\package.json'

npm manifest: 
  {
    "name": "av2-nuvem",
    "version": "0.1.0",
    "private": true,
    "dependencies": {
      "@testing-library/jest-dom": "^5.16.5",
      "@testing-library/react": "^13.4.0",
      "@testing-library/user-event": "^13.5.0",
      "bootstrap": "^5.2.2",
      "react": "^18.2.0",
      "react-bootstrap": "^2.6.0",
      "react-dom": "^18.2.0",
      "react-router-dom": "^6.4.3",
      "react-scripts": "5.0.1",
      "web-vitals": "^2.1.4"
    },
    "scripts": {
      "start": "react-scripts start",
      "build": "react-scripts build",
      "test": "react-scripts test",
      "eject": "react-scripts eject"
    },
    "eslintConfig": {
      "extends": [
        "react-app",
        "react-app/jest"
      ]
    },
    "browserslist": {
      "production": [
        ">0.2%",
        "not dead",
        "not op_mini all"
      ],
      "development": [
        "last 1 chrome version",
        "last 1 firefox version",
        "last 1 safari version"
      ]
    },
    "devDependencies": {
      "@types/bootstrap": "^5.2.6",
      "@types/react-bootstrap": "^0.32.31"
    }
  }

yarn manifest: 
  No manifest

Lockfile: 
  No lockfile
